<?xml version="1.0" encoding="UTF-8"?>
<!-- Generated by org.testng.reporters.JUnitXMLReporter -->
<testsuite hostname="DESKTOP-GU91JBG" name="Validating Title of the page" tests="1" failures="1" timestamp="20 Jul 2021 06:14:43 GMT" time="13.275" errors="0">
  <testcase name="validateAppTitle" time="0.133" classname="Academy.ValidatePage">
    <failure type="java.lang.AssertionError" message="expected [FEATURED COURSESS] but found [FEATURED COURSES]">
      <![CDATA[java.lang.AssertionError: expected [FEATURED COURSESS] but found [FEATURED COURSES]
	at Academy.ValidatePage.validateAppTitle(ValidatePage.java:38)
... Removed 29 stack frames]]>
    </failure>
  </testcase> <!-- validateAppTitle -->
</testsuite> <!-- Validating Title of the page -->
