<?xml version="1.0" encoding="UTF-8"?>
<!-- Generated by org.testng.reporters.JUnitXMLReporter -->
<testsuite hostname="DESKTOP-GU91JBG" name="Test" tests="4" failures="0" timestamp="5 Jul 2021 08:11:22 GMT" time="65.796" errors="0">
  <testcase name="basePageNavigation" time="12.737" classname="Academy.HomePage"/>
  <testcase name="basePageNavigation" time="4.043" classname="Academy.HomePage"/>
  <testcase name="validateAppTitle" time="0.137" classname="Academy.ValidatePage"/>
  <testcase name="validateAppTitle1" time="0.135" classname="Academy.ValidateNavigationBar"/>
</testsuite> <!-- Test -->
