<?xml version="1.0" encoding="UTF-8"?>
<testng-results skipped="0" failed="0" total="3" passed="3">
  <reporter-output>
  </reporter-output>
  <suite name="Suite" duration-ms="54478" started-at="2021-08-11T05:53:35Z" finished-at="2021-08-11T05:54:30Z">
    <groups>
    </groups>
    <test name="Validating user login" duration-ms="12913" started-at="2021-08-11T05:53:35Z" finished-at="2021-08-11T05:53:48Z">
      <class name="Academy.HomePage">
        <test-method status="PASS" signature="initialize()[pri:0, instance:Academy.HomePage@3e27aa33]" name="initialize" is-config="true" duration-ms="3112" started-at="2021-08-11T11:23:35Z" finished-at="2021-08-11T11:23:38Z">
          <reporter-output>
          </reporter-output>
        </test-method> <!-- initialize -->
        <test-method status="PASS" signature="basePageNavigation(java.lang.String, java.lang.String)[pri:0, instance:Academy.HomePage@3e27aa33]" name="basePageNavigation" duration-ms="5541" started-at="2021-08-11T11:23:38Z" data-provider="getData" finished-at="2021-08-11T11:23:44Z">
          <params>
            <param index="0">
              <value>
                <![CDATA[standard_user]]>
              </value>
            </param>
            <param index="1">
              <value>
                <![CDATA[secret_sauce]]>
              </value>
            </param>
          </params>
          <reporter-output>
          </reporter-output>
        </test-method> <!-- basePageNavigation -->
        <test-method status="PASS" signature="teardown()[pri:0, instance:Academy.HomePage@3e27aa33]" name="teardown" is-config="true" duration-ms="4218" started-at="2021-08-11T11:23:44Z" finished-at="2021-08-11T11:23:48Z">
          <reporter-output>
          </reporter-output>
        </test-method> <!-- teardown -->
      </class> <!-- Academy.HomePage -->
    </test> <!-- Validating user login -->
    <test name="Open menu page" duration-ms="22785" started-at="2021-08-11T05:53:49Z" finished-at="2021-08-11T05:54:11Z">
      <class name="Academy.OpenMenuButton">
        <test-method status="PASS" signature="initialize()[pri:0, instance:Academy.OpenMenuButton@76b1e9b8]" name="initialize" is-config="true" duration-ms="1708" started-at="2021-08-11T11:23:49Z" finished-at="2021-08-11T11:23:50Z">
          <reporter-output>
          </reporter-output>
        </test-method> <!-- initialize -->
        <test-method status="PASS" signature="validateAppTitle(java.lang.String, java.lang.String)[pri:0, instance:Academy.OpenMenuButton@76b1e9b8]" name="validateAppTitle" duration-ms="20626" started-at="2021-08-11T11:23:50Z" data-provider="getData" finished-at="2021-08-11T11:24:11Z">
          <params>
            <param index="0">
              <value>
                <![CDATA[standard_user]]>
              </value>
            </param>
            <param index="1">
              <value>
                <![CDATA[secret_sauce]]>
              </value>
            </param>
          </params>
          <reporter-output>
          </reporter-output>
        </test-method> <!-- validateAppTitle -->
        <test-method status="PASS" signature="teardown()[pri:0, instance:Academy.OpenMenuButton@76b1e9b8]" name="teardown" is-config="true" duration-ms="450" started-at="2021-08-11T11:24:11Z" finished-at="2021-08-11T11:24:11Z">
          <reporter-output>
          </reporter-output>
        </test-method> <!-- teardown -->
      </class> <!-- Academy.OpenMenuButton -->
    </test> <!-- Open menu page -->
    <test name="Add To Cart page" duration-ms="18207" started-at="2021-08-11T05:54:12Z" finished-at="2021-08-11T05:54:30Z">
      <class name="Academy.AddToCart">
        <test-method status="PASS" signature="initialize()[pri:0, instance:Academy.AddToCart@563f38c4]" name="initialize" is-config="true" duration-ms="2079" started-at="2021-08-11T11:24:12Z" finished-at="2021-08-11T11:24:14Z">
          <reporter-output>
          </reporter-output>
        </test-method> <!-- initialize -->
        <test-method status="PASS" signature="validateAppTitle(java.lang.String, java.lang.String)[pri:0, instance:Academy.AddToCart@563f38c4]" name="validateAppTitle" duration-ms="15913" started-at="2021-08-11T11:24:14Z" data-provider="getData" finished-at="2021-08-11T11:24:29Z">
          <params>
            <param index="0">
              <value>
                <![CDATA[standard_user]]>
              </value>
            </param>
            <param index="1">
              <value>
                <![CDATA[secret_sauce]]>
              </value>
            </param>
          </params>
          <reporter-output>
          </reporter-output>
        </test-method> <!-- validateAppTitle -->
        <test-method status="PASS" signature="teardown()[pri:0, instance:Academy.AddToCart@563f38c4]" name="teardown" is-config="true" duration-ms="215" started-at="2021-08-11T11:24:29Z" finished-at="2021-08-11T11:24:30Z">
          <reporter-output>
          </reporter-output>
        </test-method> <!-- teardown -->
      </class> <!-- Academy.AddToCart -->
    </test> <!-- Add To Cart page -->
  </suite> <!-- Suite -->
</testng-results>
